[2025-10-14 05:21:01 +0000] [156291] [INFO] Starting gunicorn 23.0.0
[2025-10-14 05:21:01 +0000] [156291] [INFO] Listening at: http://0.0.0.0:5002 (156291)
[2025-10-14 05:21:01 +0000] [156291] [INFO] Using worker: sync
[2025-10-14 05:21:01 +0000] [156306] [INFO] Booting worker with pid: 156306
[2025-10-14 05:21:01 +0000] [156307] [INFO] Booting worker with pid: 156307
[2025-10-14 05:21:01 +0000] [156308] [INFO] Booting worker with pid: 156308
[2025-10-14 05:21:01 +0000] [156309] [INFO] Booting worker with pid: 156309
[2025-10-14 05:21:01 +0000] [156310] [INFO] Booting worker with pid: 156310
[2025-10-14 12:39:25 +0000] [156291] [CRITICAL] WORKER TIMEOUT (pid:156306)
[2025-10-14 12:39:25 +0000] [156306] [INFO] Worker exiting (pid: 156306)
ζεε θ½½ XGB ζ¨΅ε‹η»“ζ
ζεε θ½½ GB ζ¨΅ε‹η»“ζ
ζεε θ½½ KNN ζ¨΅ε‹η»“ζ
ζεε θ½½ RF ζ¨΅ε‹η»“ζ
ζεε θ½½ SVR ζ¨΅ε‹η»“ζ
ζεε θ½½ PRR ζ¨΅ε‹η»“ζ
π¤– MLζ¨΅ε‹ζ€§θƒ½ζ•°ζ®εΊ“ε·²εε§‹ε–
[2025-10-14 12:39:25 +0000] [156291] [ERROR] Worker (pid:156306) exited with code 1
[2025-10-14 12:39:25 +0000] [156291] [ERROR] Worker (pid:156306) exited with code 1.
[2025-10-14 12:39:25 +0000] [173124] [INFO] Booting worker with pid: 173124
[2025-10-22 10:45:50 +0000] [156291] [CRITICAL] WORKER TIMEOUT (pid:156309)
[2025-10-22 10:45:50 +0000] [156309] [INFO] Worker exiting (pid: 156309)
ζεε θ½½ XGB ζ¨΅ε‹η»“ζ
ζεε θ½½ GB ζ¨΅ε‹η»“ζ
ζεε θ½½ KNN ζ¨΅ε‹η»“ζ
ζεε θ½½ RF ζ¨΅ε‹η»“ζ
ζεε θ½½ SVR ζ¨΅ε‹η»“ζ
ζεε θ½½ PRR ζ¨΅ε‹η»“ζ
π¤– MLζ¨΅ε‹ζ€§θƒ½ζ•°ζ®εΊ“ε·²εε§‹ε–
[2025-10-22 10:45:51 +0000] [156291] [ERROR] Worker (pid:156309) exited with code 1
[2025-10-22 10:45:51 +0000] [156291] [ERROR] Worker (pid:156309) exited with code 1.
[2025-10-22 10:45:51 +0000] [183717] [INFO] Booting worker with pid: 183717
[2025-10-22 10:46:34 +0000] [156308] [INFO] Worker exiting (pid: 156308)
ζεε θ½½ XGB ζ¨΅ε‹η»“ζ
ζεε θ½½ GB ζ¨΅ε‹η»“ζ
ζεε θ½½ KNN ζ¨΅ε‹η»“ζ
ζεε θ½½ RF ζ¨΅ε‹η»“ζ
ζεε θ½½ SVR ζ¨΅ε‹η»“ζ
ζεε θ½½ PRR ζ¨΅ε‹η»“ζ
π¤– MLζ¨΅ε‹ζ€§θƒ½ζ•°ζ®εΊ“ε·²εε§‹ε–
[2025-10-22 10:46:34 +0000] [156307] [INFO] Worker exiting (pid: 156307)
ζεε θ½½ XGB ζ¨΅ε‹η»“ζ
ζεε θ½½ GB ζ¨΅ε‹η»“ζ
ζεε θ½½ KNN ζ¨΅ε‹η»“ζ
ζεε θ½½ RF ζ¨΅ε‹η»“ζ
ζεε θ½½ SVR ζ¨΅ε‹η»“ζ
ζεε θ½½ PRR ζ¨΅ε‹η»“ζ
π¤– MLζ¨΅ε‹ζ€§θƒ½ζ•°ζ®εΊ“ε·²εε§‹ε–
[2025-10-22 10:46:34 +0000] [183717] [INFO] Worker exiting (pid: 183717)
ζεε θ½½ XGB ζ¨΅ε‹η»“ζ
ζεε θ½½ GB ζ¨΅ε‹η»“ζ
ζεε θ½½ KNN ζ¨΅ε‹η»“ζ
ζεε θ½½ RF ζ¨΅ε‹η»“ζ
ζεε θ½½ SVR ζ¨΅ε‹η»“ζ
ζεε θ½½ PRR ζ¨΅ε‹η»“ζ
π¤– MLζ¨΅ε‹ζ€§θƒ½ζ•°ζ®εΊ“ε·²εε§‹ε–
[2025-10-22 10:46:34 +0000] [156310] [INFO] Worker exiting (pid: 156310)
ζεε θ½½ XGB ζ¨΅ε‹η»“ζ
ζεε θ½½ GB ζ¨΅ε‹η»“ζ
ζεε θ½½ KNN ζ¨΅ε‹η»“ζ
ζεε θ½½ RF ζ¨΅ε‹η»“ζ
ζεε θ½½ SVR ζ¨΅ε‹η»“ζ
ζεε θ½½ PRR ζ¨΅ε‹η»“ζ
π¤– MLζ¨΅ε‹ζ€§θƒ½ζ•°ζ®εΊ“ε·²εε§‹ε–
[2025-10-22 10:46:34 +0000] [173124] [INFO] Worker exiting (pid: 173124)
ζεε θ½½ XGB ζ¨΅ε‹η»“ζ
ζεε θ½½ GB ζ¨΅ε‹η»“ζ
ζεε θ½½ KNN ζ¨΅ε‹η»“ζ
ζεε θ½½ RF ζ¨΅ε‹η»“ζ
ζεε θ½½ SVR ζ¨΅ε‹η»“ζ
ζεε θ½½ PRR ζ¨΅ε‹η»“ζ
π¤– MLζ¨΅ε‹ζ€§θƒ½ζ•°ζ®εΊ“ε·²εε§‹ε–
ζεε θ½½ XGB ζ¨΅ε‹η»“ζ
ζεε θ½½ GB ζ¨΅ε‹η»“ζ
ζεε θ½½ KNN ζ¨΅ε‹η»“ζ
ζεε θ½½ RF ζ¨΅ε‹η»“ζ
ζεε θ½½ SVR ζ¨΅ε‹η»“ζ
ζεε θ½½ PRR ζ¨΅ε‹η»“ζ
π¤– MLζ¨΅ε‹ζ€§θƒ½ζ•°ζ®εΊ“ε·²εε§‹ε–
[2025-10-22 10:47:56 +0000] [184495] [INFO] Starting gunicorn 23.0.0
[2025-10-22 10:47:56 +0000] [184495] [INFO] Listening at: http://0.0.0.0:5002 (184495)
[2025-10-22 10:47:56 +0000] [184495] [INFO] Using worker: sync
[2025-10-22 10:47:56 +0000] [184497] [INFO] Booting worker with pid: 184497
[2025-10-22 10:47:56 +0000] [184498] [INFO] Booting worker with pid: 184498
[2025-10-22 10:47:56 +0000] [184499] [INFO] Booting worker with pid: 184499
[2025-10-22 10:47:56 +0000] [184500] [INFO] Booting worker with pid: 184500
[2025-10-22 10:47:57 +0000] [184501] [INFO] Booting worker with pid: 184501
