2025-10-14 05:22:20,117 - INFO - 🚀 ML碳化深度预测系统监控启动
2025-10-14 05:22:20,117 - INFO - 🌐 服务地址: https://5002-io345j3ofvh5e2qc8bjvs-6532622b.e2b.dev
2025-10-14 05:25:20,271 - INFO - 🟢 服务运行正常 (Worker: 0)
2025-10-14 05:25:50,287 - INFO - 🟢 服务运行正常 (Worker: 0)
2025-10-14 05:30:20,483 - INFO - 🟢 服务运行正常 (Worker: 0)
2025-10-14 05:30:50,510 - INFO - 🟢 服务运行正常 (Worker: 0)
2025-10-14 05:35:20,668 - INFO - 🟢 服务运行正常 (Worker: 0)
2025-10-14 05:35:50,687 - INFO - 🟢 服务运行正常 (Worker: 0)
2025-10-14 05:40:20,856 - INFO - 🟢 服务运行正常 (Worker: 0)
2025-10-14 05:40:50,875 - INFO - 🟢 服务运行正常 (Worker: 0)
2025-10-14 05:45:21,053 - INFO - 🟢 服务运行正常 (Worker: 0)
2025-10-14 05:45:51,071 - INFO - 🟢 服务运行正常 (Worker: 0)
2025-10-14 05:50:21,231 - INFO - 🟢 服务运行正常 (Worker: 0)
2025-10-14 05:50:51,248 - INFO - 🟢 服务运行正常 (Worker: 0)
2025-10-14 05:55:21,406 - INFO - 🟢 服务运行正常 (Worker: 0)
2025-10-14 05:55:51,424 - INFO - 🟢 服务运行正常 (Worker: 0)
2025-10-14 06:00:21,591 - INFO - 🟢 服务运行正常 (Worker: 0)
2025-10-14 06:00:51,611 - INFO - 🟢 服务运行正常 (Worker: 0)
2025-10-14 06:05:21,811 - INFO - 🟢 服务运行正常 (Worker: 0)
2025-10-14 06:05:51,843 - INFO - 🟢 服务运行正常 (Worker: 0)
2025-10-14 06:10:22,018 - INFO - 🟢 服务运行正常 (Worker: 0)
2025-10-14 06:10:52,038 - INFO - 🟢 服务运行正常 (Worker: 0)
2025-10-14 06:15:22,208 - INFO - 🟢 服务运行正常 (Worker: 0)
2025-10-14 06:15:52,226 - INFO - 🟢 服务运行正常 (Worker: 0)
2025-10-14 06:20:22,383 - INFO - 🟢 服务运行正常 (Worker: 0)
2025-10-14 06:20:52,401 - INFO - 🟢 服务运行正常 (Worker: 0)
2025-10-14 06:25:22,561 - INFO - 🟢 服务运行正常 (Worker: 0)
2025-10-14 06:25:52,581 - INFO - 🟢 服务运行正常 (Worker: 0)
2025-10-14 06:30:22,774 - INFO - 🟢 服务运行正常 (Worker: 0)
2025-10-14 06:30:52,794 - INFO - 🟢 服务运行正常 (Worker: 0)
2025-10-14 06:35:22,955 - INFO - 🟢 服务运行正常 (Worker: 0)
2025-10-14 06:35:52,975 - INFO - 🟢 服务运行正常 (Worker: 0)
2025-10-14 06:40:23,133 - INFO - 🟢 服务运行正常 (Worker: 0)
2025-10-14 06:40:53,150 - INFO - 🟢 服务运行正常 (Worker: 0)
2025-10-14 06:45:23,320 - INFO - 🟢 服务运行正常 (Worker: 0)
2025-10-14 06:45:53,338 - INFO - 🟢 服务运行正常 (Worker: 0)
2025-10-14 06:50:23,539 - INFO - 🟢 服务运行正常 (Worker: 0)
2025-10-14 06:50:53,556 - INFO - 🟢 服务运行正常 (Worker: 0)
2025-10-14 06:55:23,726 - INFO - 🟢 服务运行正常 (Worker: 0)
2025-10-14 06:55:53,745 - INFO - 🟢 服务运行正常 (Worker: 0)
2025-10-14 07:00:23,912 - INFO - 🟢 服务运行正常 (Worker: 0)
2025-10-14 07:00:53,936 - INFO - 🟢 服务运行正常 (Worker: 0)
2025-10-14 07:05:24,096 - INFO - 🟢 服务运行正常 (Worker: 0)
2025-10-14 07:05:54,113 - INFO - 🟢 服务运行正常 (Worker: 0)
2025-10-14 07:10:24,287 - INFO - 🟢 服务运行正常 (Worker: 0)
2025-10-14 07:10:54,305 - INFO - 🟢 服务运行正常 (Worker: 0)
2025-10-14 07:15:24,474 - INFO - 🟢 服务运行正常 (Worker: 0)
2025-10-14 07:15:54,493 - INFO - 🟢 服务运行正常 (Worker: 0)
2025-10-14 07:20:24,748 - INFO - 🟢 服务运行正常 (Worker: 0)
2025-10-14 07:20:54,767 - INFO - 🟢 服务运行正常 (Worker: 0)
2025-10-14 07:25:24,936 - INFO - 🟢 服务运行正常 (Worker: 0)
2025-10-14 07:25:54,954 - INFO - 🟢 服务运行正常 (Worker: 0)
2025-10-14 07:30:25,117 - INFO - 🟢 服务运行正常 (Worker: 0)
2025-10-14 07:30:55,135 - INFO - 🟢 服务运行正常 (Worker: 0)
2025-10-14 07:35:25,306 - INFO - 🟢 服务运行正常 (Worker: 0)
2025-10-14 07:35:55,328 - INFO - 🟢 服务运行正常 (Worker: 0)
2025-10-14 07:40:25,511 - INFO - 🟢 服务运行正常 (Worker: 0)
2025-10-14 07:40:55,531 - INFO - 🟢 服务运行正常 (Worker: 0)
2025-10-14 07:45:25,751 - INFO - 🟢 服务运行正常 (Worker: 0)
2025-10-14 07:45:55,770 - INFO - 🟢 服务运行正常 (Worker: 0)
2025-10-14 07:50:25,949 - INFO - 🟢 服务运行正常 (Worker: 0)
2025-10-14 07:50:55,973 - INFO - 🟢 服务运行正常 (Worker: 0)
2025-10-14 07:55:26,165 - INFO - 🟢 服务运行正常 (Worker: 0)
2025-10-14 07:55:56,184 - INFO - 🟢 服务运行正常 (Worker: 0)
2025-10-14 08:00:26,351 - INFO - 🟢 服务运行正常 (Worker: 0)
2025-10-14 08:00:56,369 - INFO - 🟢 服务运行正常 (Worker: 0)
2025-10-14 08:05:26,531 - INFO - 🟢 服务运行正常 (Worker: 0)
2025-10-14 08:05:56,549 - INFO - 🟢 服务运行正常 (Worker: 0)
2025-10-14 08:10:26,716 - INFO - 🟢 服务运行正常 (Worker: 0)
2025-10-14 08:10:56,742 - INFO - 🟢 服务运行正常 (Worker: 0)
2025-10-14 08:15:26,904 - INFO - 🟢 服务运行正常 (Worker: 0)
2025-10-14 08:15:56,921 - INFO - 🟢 服务运行正常 (Worker: 0)
2025-10-14 08:20:27,088 - INFO - 🟢 服务运行正常 (Worker: 0)
2025-10-14 08:20:57,106 - INFO - 🟢 服务运行正常 (Worker: 0)
2025-10-14 08:25:27,274 - INFO - 🟢 服务运行正常 (Worker: 0)
2025-10-14 08:25:57,294 - INFO - 🟢 服务运行正常 (Worker: 0)
2025-10-14 08:30:27,466 - INFO - 🟢 服务运行正常 (Worker: 0)
2025-10-14 08:30:57,485 - INFO - 🟢 服务运行正常 (Worker: 0)
2025-10-14 08:35:27,684 - INFO - 🟢 服务运行正常 (Worker: 0)
2025-10-14 08:35:57,708 - INFO - 🟢 服务运行正常 (Worker: 0)
2025-10-14 08:40:27,879 - INFO - 🟢 服务运行正常 (Worker: 0)
2025-10-14 08:40:57,897 - INFO - 🟢 服务运行正常 (Worker: 0)
2025-10-14 08:45:28,065 - INFO - 🟢 服务运行正常 (Worker: 0)
2025-10-14 08:45:58,084 - INFO - 🟢 服务运行正常 (Worker: 0)
2025-10-14 08:50:28,257 - INFO - 🟢 服务运行正常 (Worker: 0)
2025-10-14 08:50:58,275 - INFO - 🟢 服务运行正常 (Worker: 0)
2025-10-14 08:55:28,440 - INFO - 🟢 服务运行正常 (Worker: 0)
2025-10-14 08:55:58,459 - INFO - 🟢 服务运行正常 (Worker: 0)
2025-10-14 09:00:28,615 - INFO - 🟢 服务运行正常 (Worker: 0)
2025-10-14 09:00:58,634 - INFO - 🟢 服务运行正常 (Worker: 0)
2025-10-14 09:05:28,800 - INFO - 🟢 服务运行正常 (Worker: 0)
2025-10-14 09:05:58,817 - INFO - 🟢 服务运行正常 (Worker: 0)
2025-10-14 09:10:28,970 - INFO - 🟢 服务运行正常 (Worker: 0)
2025-10-14 09:10:58,988 - INFO - 🟢 服务运行正常 (Worker: 0)
2025-10-14 12:40:25,483 - INFO - 🟢 服务运行正常 (Worker: 0)
2025-10-14 12:40:55,505 - INFO - 🟢 服务运行正常 (Worker: 0)
2025-10-14 12:45:25,720 - INFO - 🟢 服务运行正常 (Worker: 0)
2025-10-14 12:45:55,740 - INFO - 🟢 服务运行正常 (Worker: 0)
2025-10-14 12:50:25,920 - INFO - 🟢 服务运行正常 (Worker: 0)
2025-10-14 12:50:55,939 - INFO - 🟢 服务运行正常 (Worker: 0)
2025-10-14 12:55:26,093 - INFO - 🟢 服务运行正常 (Worker: 0)
2025-10-14 12:55:56,110 - INFO - 🟢 服务运行正常 (Worker: 0)
2025-10-14 13:00:26,294 - INFO - 🟢 服务运行正常 (Worker: 0)
2025-10-14 13:00:56,311 - INFO - 🟢 服务运行正常 (Worker: 0)
2025-10-14 13:05:26,518 - INFO - 🟢 服务运行正常 (Worker: 0)
2025-10-14 13:05:56,536 - INFO - 🟢 服务运行正常 (Worker: 0)
2025-10-14 13:10:26,719 - INFO - 🟢 服务运行正常 (Worker: 0)
2025-10-14 13:10:56,737 - INFO - 🟢 服务运行正常 (Worker: 0)
2025-10-14 13:15:26,910 - INFO - 🟢 服务运行正常 (Worker: 0)
2025-10-14 13:15:56,927 - INFO - 🟢 服务运行正常 (Worker: 0)
2025-10-14 13:20:27,088 - INFO - 🟢 服务运行正常 (Worker: 0)
2025-10-14 13:20:57,106 - INFO - 🟢 服务运行正常 (Worker: 0)
2025-10-14 13:25:27,268 - INFO - 🟢 服务运行正常 (Worker: 0)
2025-10-14 13:25:57,287 - INFO - 🟢 服务运行正常 (Worker: 0)
2025-10-14 13:30:27,470 - INFO - 🟢 服务运行正常 (Worker: 0)
2025-10-14 13:30:57,489 - INFO - 🟢 服务运行正常 (Worker: 0)
2025-10-14 13:35:27,674 - INFO - 🟢 服务运行正常 (Worker: 0)
2025-10-14 13:35:57,700 - INFO - 🟢 服务运行正常 (Worker: 0)
2025-10-14 13:40:27,890 - INFO - 🟢 服务运行正常 (Worker: 0)
2025-10-14 13:40:57,910 - INFO - 🟢 服务运行正常 (Worker: 0)
2025-10-14 13:45:28,084 - INFO - 🟢 服务运行正常 (Worker: 0)
2025-10-14 13:45:58,102 - INFO - 🟢 服务运行正常 (Worker: 0)
2025-10-14 13:50:28,276 - INFO - 🟢 服务运行正常 (Worker: 0)
2025-10-14 13:50:58,294 - INFO - 🟢 服务运行正常 (Worker: 0)
2025-10-14 13:55:28,467 - INFO - 🟢 服务运行正常 (Worker: 0)
2025-10-14 13:55:58,484 - INFO - 🟢 服务运行正常 (Worker: 0)
2025-10-14 14:00:28,657 - INFO - 🟢 服务运行正常 (Worker: 0)
2025-10-14 14:00:58,675 - INFO - 🟢 服务运行正常 (Worker: 0)
2025-10-14 14:05:28,843 - INFO - 🟢 服务运行正常 (Worker: 0)
2025-10-14 14:05:58,862 - INFO - 🟢 服务运行正常 (Worker: 0)
2025-10-14 14:10:29,033 - INFO - 🟢 服务运行正常 (Worker: 0)
2025-10-14 14:10:59,051 - INFO - 🟢 服务运行正常 (Worker: 0)
2025-10-19 11:05:19,698 - INFO - 🟢 服务运行正常 (Worker: 0)
2025-10-19 11:05:49,714 - INFO - 🟢 服务运行正常 (Worker: 0)
2025-10-19 11:10:19,872 - INFO - 🟢 服务运行正常 (Worker: 0)
2025-10-19 11:10:49,893 - INFO - 🟢 服务运行正常 (Worker: 0)
2025-10-19 11:15:20,053 - INFO - 🟢 服务运行正常 (Worker: 0)
2025-10-19 11:15:50,070 - INFO - 🟢 服务运行正常 (Worker: 0)
2025-10-19 11:20:20,227 - INFO - 🟢 服务运行正常 (Worker: 0)
2025-10-19 11:20:50,244 - INFO - 🟢 服务运行正常 (Worker: 0)
2025-10-19 11:25:20,392 - INFO - 🟢 服务运行正常 (Worker: 0)
2025-10-19 11:25:50,409 - INFO - 🟢 服务运行正常 (Worker: 0)
2025-10-19 11:30:20,565 - INFO - 🟢 服务运行正常 (Worker: 0)
2025-10-19 11:30:50,582 - INFO - 🟢 服务运行正常 (Worker: 0)
2025-10-19 11:35:20,752 - INFO - 🟢 服务运行正常 (Worker: 0)
2025-10-19 11:35:50,770 - INFO - 🟢 服务运行正常 (Worker: 0)
2025-10-19 11:40:20,928 - INFO - 🟢 服务运行正常 (Worker: 0)
2025-10-19 11:40:50,947 - INFO - 🟢 服务运行正常 (Worker: 0)
2025-10-19 11:45:21,097 - INFO - 🟢 服务运行正常 (Worker: 0)
2025-10-19 11:45:51,114 - INFO - 🟢 服务运行正常 (Worker: 0)
2025-10-19 11:50:21,288 - INFO - 🟢 服务运行正常 (Worker: 0)
2025-10-19 11:50:51,304 - INFO - 🟢 服务运行正常 (Worker: 0)
2025-10-19 11:55:21,451 - INFO - 🟢 服务运行正常 (Worker: 0)
2025-10-19 11:55:51,473 - INFO - 🟢 服务运行正常 (Worker: 0)
2025-10-22 10:45:51,282 - INFO - 🟢 服务运行正常 (Worker: 0)
2025-10-22 10:46:51,323 - ERROR - 服务健康检查失败: HTTPConnectionPool(host='localhost', port=5002): Max retries exceeded with url: / (Caused by NewConnectionError('<urllib3.connection.HTTPConnection object at 0x7fe1b5321820>: Failed to establish a new connection: [Errno 111] Connection refused'))
2025-10-22 10:46:51,323 - WARNING - ⚠️  服务健康检查失败 (1/3)
2025-10-22 10:47:21,343 - ERROR - 服务健康检查失败: HTTPConnectionPool(host='localhost', port=5002): Max retries exceeded with url: / (Caused by NewConnectionError('<urllib3.connection.HTTPConnection object at 0x7fe1b67c7f80>: Failed to establish a new connection: [Errno 111] Connection refused'))
2025-10-22 10:47:21,344 - WARNING - ⚠️  服务健康检查失败 (2/3)
2025-10-22 10:47:51,359 - ERROR - 服务健康检查失败: HTTPConnectionPool(host='localhost', port=5002): Max retries exceeded with url: / (Caused by NewConnectionError('<urllib3.connection.HTTPConnection object at 0x7fe1b53ca810>: Failed to establish a new connection: [Errno 111] Connection refused'))
2025-10-22 10:47:51,359 - WARNING - ⚠️  服务健康检查失败 (3/3)
2025-10-22 10:47:51,359 - ERROR - 🔄 连续失败次数达到阈值，尝试重启服务...
2025-10-22 10:47:51,359 - INFO - 正在重启ML预测服务...
2025-10-22 10:48:06,394 - INFO - ✅ 服务重启成功
